ninja: Entering directory `/home/lsh/android_opencv_ndk/app/.cxx/Debug/594qtzi3/armeabi-v7a'
[1/2] Building CXX object CMakeFiles/tensorflow.dir/tensorflow.cpp.o
FAILED: CMakeFiles/tensorflow.dir/tensorflow.cpp.o 
/home/lsh/Android/Sdk/ndk/16.1.4479499/toolchains/llvm/prebuilt/linux-x86_64/bin/clang++ --target=armv7-none-linux-androideabi --gcc-toolchain=/home/lsh/Android/Sdk/ndk/16.1.4479499/toolchains/arm-linux-androideabi-4.9/prebuilt/linux-x86_64 --sysroot=/home/lsh/Android/Sdk/ndk/16.1.4479499/sysroot  -Dtensorflow_EXPORTS -I/home/lsh/android_opencv_ndk/opencv/native/jni/include -I/home/lsh/work123/tensorflow -I/home/lsh/work123/tensorflow/tensorflow/lite/tools/make/downloads/flatbuffers/include -I/home/lsh/work123/tensorflow/tensorflow/lite/tools/make/downloads/absl -I/home/lsh/edgetpu/libedgetpu -isystem /home/lsh/Android/Sdk/ndk/16.1.4479499/sources/cxx-stl/gnu-libstdc++/4.9/include -isystem /home/lsh/Android/Sdk/ndk/16.1.4479499/sources/cxx-stl/gnu-libstdc++/4.9/libs/armeabi-v7a/include -isystem /home/lsh/Android/Sdk/ndk/16.1.4479499/sources/cxx-stl/gnu-libstdc++/4.9/include/backward -isystem /home/lsh/Android/Sdk/ndk/16.1.4479499/sysroot/usr/include/arm-linux-androideabi -D__ANDROID_API__=26 -g -DANDROID -ffunction-sections -funwind-tables -fstack-protector-strong -no-canonical-prefixes -march=armv7-a -mfloat-abi=softfp -mfpu=vfpv3-d16 -fno-integrated-as -mthumb -Wa,--noexecstack -Wformat -Werror=format-security   -llog -O0 -fno-limit-debug-info  -fPIC -MD -MT CMakeFiles/tensorflow.dir/tensorflow.cpp.o -MF CMakeFiles/tensorflow.dir/tensorflow.cpp.o.d -o CMakeFiles/tensorflow.dir/tensorflow.cpp.o -c /home/lsh/android_opencv_ndk/app/src/main/cpp/tensorflow.cpp
clang++: warning: -llog: 'linker' input unused [-Wunused-command-line-argument]
In file included from /home/lsh/android_opencv_ndk/app/src/main/cpp/tensorflow.cpp:4:
In file included from /home/lsh/android_opencv_ndk/opencv/native/jni/include/opencv2/opencv.hpp:52:
In file included from /home/lsh/android_opencv_ndk/opencv/native/jni/include/opencv2/core.hpp:52:
/home/lsh/android_opencv_ndk/opencv/native/jni/include/opencv2/core/cvdef.h:666:4: error: "OpenCV 4.x+ requires enabled C++11 support"
#  error "OpenCV 4.x+ requires enabled C++11 support"
   ^
In file included from /home/lsh/android_opencv_ndk/app/src/main/cpp/tensorflow.cpp:4:
In file included from /home/lsh/android_opencv_ndk/opencv/native/jni/include/opencv2/opencv.hpp:52:
In file included from /home/lsh/android_opencv_ndk/opencv/native/jni/include/opencv2/core.hpp:52:
In file included from /home/lsh/android_opencv_ndk/opencv/native/jni/include/opencv2/core/cvdef.h:671:
In file included from /home/lsh/Android/Sdk/ndk/16.1.4479499/sources/cxx-stl/gnu-libstdc++/4.9/include/array:35:
/home/lsh/Android/Sdk/ndk/16.1.4479499/sources/cxx-stl/gnu-libstdc++/4.9/include/bits/c++0x_warning.h:32:2: error: This file requires compiler and library support for the ISO C++ 2011 standard. This support is currently experimental, and must be enabled with the -std=c++11 or -std=gnu++11 compiler options.
#error This file requires compiler and library support for the \
 ^
In file included from /home/lsh/android_opencv_ndk/app/src/main/cpp/tensorflow.cpp:4:
In file included from /home/lsh/android_opencv_ndk/opencv/native/jni/include/opencv2/opencv.hpp:52:
In file included from /home/lsh/android_opencv_ndk/opencv/native/jni/include/opencv2/core.hpp:54:
In file included from /home/lsh/android_opencv_ndk/opencv/native/jni/include/opencv2/core/base.hpp:58:
In file included from /home/lsh/android_opencv_ndk/opencv/native/jni/include/opencv2/core/cvstd.hpp:81:
/home/lsh/android_opencv_ndk/opencv/native/jni/include/opencv2/core/cvstd_wrapper.hpp:16:12: error: no member named 'nullptr_t' in namespace 'std'
using std::nullptr_t;
      ~~~~~^
/home/lsh/android_opencv_ndk/opencv/native/jni/include/opencv2/core/cvstd_wrapper.hpp:40:44: warning: variadic templates are a C++11 extension [-Wc++11-extensions]
template<typename C, typename Ret, typename... Args>
                                           ^
/home/lsh/android_opencv_ndk/opencv/native/jni/include/opencv2/core/cvstd_wrapper.hpp:45:30: error: no type named 'true_type' in namespace 'std'; did you mean '__true_type'?
    static CV_CONSTEXPR std::true_type check(typename std::is_same<typename std::decay<decltype(std::declval<T>().operator()(std::declval<Args>()...))>::type, Ret>::type*);
                        ~~~~~^~~~~~~~~
                             __true_type
/home/lsh/Android/Sdk/ndk/16.1.4479499/sources/cxx-stl/gnu-libstdc++/4.9/include/bits/cpp_type_traits.h:82:10: note: '__true_type' declared here
  struct __true_type { };
         ^
In file included from /home/lsh/android_opencv_ndk/app/src/main/cpp/tensorflow.cpp:4:
In file included from /home/lsh/android_opencv_ndk/opencv/native/jni/include/opencv2/opencv.hpp:52:
In file included from /home/lsh/android_opencv_ndk/opencv/native/jni/include/opencv2/core.hpp:54:
In file included from /home/lsh/android_opencv_ndk/opencv/native/jni/include/opencv2/core/base.hpp:58:
In file included from /home/lsh/android_opencv_ndk/opencv/native/jni/include/opencv2/core/cvstd.hpp:81:
/home/lsh/android_opencv_ndk/opencv/native/jni/include/opencv2/core/cvstd_wrapper.hpp:45:60: error: no type named 'is_same' in namespace 'std'
    static CV_CONSTEXPR std::true_type check(typename std::is_same<typename std::decay<decltype(std::declval<T>().operator()(std::declval<Args>()...))>::type, Ret>::type*);
                                             ~~~~~~~~~~~~~~^~~~~~~
/home/lsh/android_opencv_ndk/opencv/native/jni/include/opencv2/core/cvstd_wrapper.hpp:45:67: error: expected ')'
    static CV_CONSTEXPR std::true_type check(typename std::is_same<typename std::decay<decltype(std::declval<T>().operator()(std::declval<Args>()...))>::type, Ret>::type*);
                                                                  ^
/home/lsh/android_opencv_ndk/opencv/native/jni/include/opencv2/core/cvstd_wrapper.hpp:45:45: note: to match this '('
    static CV_CONSTEXPR std::true_type check(typename std::is_same<typename std::decay<decltype(std::declval<T>().operator()(std::declval<Args>()...))>::type, Ret>::type*);
                                            ^
/home/lsh/android_opencv_ndk/opencv/native/jni/include/opencv2/core/cvstd_wrapper.hpp:47:49: error: no type named 'false_type' in namespace 'std'; did you mean '__false_type'?
    template<typename> static CV_CONSTEXPR std::false_type check(...);
                                           ~~~~~^~~~~~~~~~
                                                __false_type
/home/lsh/Android/Sdk/ndk/16.1.4479499/sources/cxx-stl/gnu-libstdc++/4.9/include/bits/cpp_type_traits.h:83:10: note: '__false_type' declared here
  struct __false_type { };
         ^
In file included from /home/lsh/android_opencv_ndk/app/src/main/cpp/tensorflow.cpp:4:
In file included from /home/lsh/android_opencv_ndk/opencv/native/jni/include/opencv2/opencv.hpp:52:
In file included from /home/lsh/android_opencv_ndk/opencv/native/jni/include/opencv2/core.hpp:54:
In file included from /home/lsh/android_opencv_ndk/opencv/native/jni/include/opencv2/core/base.hpp:58:
In file included from /home/lsh/android_opencv_ndk/opencv/native/jni/include/opencv2/core/cvstd.hpp:81:
/home/lsh/android_opencv_ndk/opencv/native/jni/include/opencv2/core/cvstd_wrapper.hpp:49:31: error: expected parameter declarator
    typedef decltype(check<C>(0)) type;
                              ^
/home/lsh/android_opencv_ndk/opencv/native/jni/include/opencv2/core/cvstd_wrapper.hpp:49:31: error: expected ')'
/home/lsh/android_opencv_ndk/opencv/native/jni/include/opencv2/core/cvstd_wrapper.hpp:49:30: note: to match this '('
    typedef decltype(check<C>(0)) type;
                             ^
/home/lsh/android_opencv_ndk/opencv/native/jni/include/opencv2/core/cvstd_wrapper.hpp:49:22: error: C++ requires a type specifier for all declarations
    typedef decltype(check<C>(0)) type;
                     ^
/home/lsh/android_opencv_ndk/opencv/native/jni/include/opencv2/core/cvstd_wrapper.hpp:49:22: error: 'check' cannot be the name of a parameter
/home/lsh/android_opencv_ndk/opencv/native/jni/include/opencv2/core/cvstd_wrapper.hpp:49:13: error: C++ requires a type specifier for all declarations
    typedef decltype(check<C>(0)) type;
    ~~~~~~~ ^
/home/lsh/android_opencv_ndk/opencv/native/jni/include/opencv2/core/cvstd_wrapper.hpp:49:34: error: expected ';' at end of declaration list
    typedef decltype(check<C>(0)) type;
                                 ^
                                 ;
/home/lsh/android_opencv_ndk/opencv/native/jni/include/opencv2/core/cvstd_wrapper.hpp:52:38: error: use of undeclared identifier 'type'
    static CV_CONSTEXPR bool value = type::value;
                                     ^
/home/lsh/android_opencv_ndk/opencv/native/jni/include/opencv2/core/cvstd_wrapper.hpp:58:23: error: unknown class name 'false_type'; did you mean '__false_type'?
        : public std::false_type {};
                      ^~~~~~~~~~
                      __false_type
/home/lsh/Android/Sdk/ndk/16.1.4479499/sources/cxx-stl/gnu-libstdc++/4.9/include/bits/cpp_type_traits.h:83:10: note: '__false_type' declared here
  struct __false_type { };
         ^
In file included from /home/lsh/android_opencv_ndk/app/src/main/cpp/tensorflow.cpp:4:
In file included from /home/lsh/android_opencv_ndk/opencv/native/jni/include/opencv2/opencv.hpp:52:
In file included from /home/lsh/android_opencv_ndk/opencv/native/jni/include/opencv2/core.hpp:54:
In file included from /home/lsh/android_opencv_ndk/opencv/native/jni/include/opencv2/core/base.hpp:58:
In file included from /home/lsh/android_opencv_ndk/opencv/native/jni/include/opencv2/core/cvstd.hpp:81:
/home/lsh/android_opencv_ndk/opencv/native/jni/include/opencv2/core/cvstd_wrapper.hpp:63:38: error: no template named 'enable_if' in namespace 'std'; did you mean '__gnu_cxx::__enable_if'?
struct has_custom_delete<T, typename std::enable_if< sfinae::has_parenthesis_operator<DefaultDeleter<T>, void, T*>::value >::type >
                                     ^~~~~~~~~~~~~~
                                     __gnu_cxx::__enable_if
/home/lsh/Android/Sdk/ndk/16.1.4479499/sources/cxx-stl/gnu-libstdc++/4.9/include/ext/type_traits.h:43:12: note: '__gnu_cxx::__enable_if' declared here
    struct __enable_if 
           ^
In file included from /home/lsh/android_opencv_ndk/app/src/main/cpp/tensorflow.cpp:4:
In file included from /home/lsh/android_opencv_ndk/opencv/native/jni/include/opencv2/opencv.hpp:52:
In file included from /home/lsh/android_opencv_ndk/opencv/native/jni/include/opencv2/core.hpp:54:
In file included from /home/lsh/android_opencv_ndk/opencv/native/jni/include/opencv2/core/base.hpp:58:
In file included from /home/lsh/android_opencv_ndk/opencv/native/jni/include/opencv2/core/cvstd.hpp:81:
/home/lsh/android_opencv_ndk/opencv/native/jni/include/opencv2/core/cvstd_wrapper.hpp:63:43: error: too few template arguments for class template '__enable_if'
struct has_custom_delete<T, typename std::enable_if< sfinae::has_parenthesis_operator<DefaultDeleter<T>, void, T*>::value >::type >
                                          ^
/home/lsh/Android/Sdk/ndk/16.1.4479499/sources/cxx-stl/gnu-libstdc++/4.9/include/ext/type_traits.h:43:12: note: template is declared here
    struct __enable_if 
           ^
In file included from /home/lsh/android_opencv_ndk/app/src/main/cpp/tensorflow.cpp:4:
In file included from /home/lsh/android_opencv_ndk/opencv/native/jni/include/opencv2/opencv.hpp:52:
In file included from /home/lsh/android_opencv_ndk/opencv/native/jni/include/opencv2/core.hpp:54:
In file included from /home/lsh/android_opencv_ndk/opencv/native/jni/include/opencv2/core/base.hpp:58:
In file included from /home/lsh/android_opencv_ndk/opencv/native/jni/include/opencv2/core/cvstd.hpp:81:
/home/lsh/android_opencv_ndk/opencv/native/jni/include/opencv2/core/cvstd_wrapper.hpp:63:126: error: expected a qualified name after 'typename'
struct has_custom_delete<T, typename std::enable_if< sfinae::has_parenthesis_operator<DefaultDeleter<T>, void, T*>::value >::type >
                                                                                                                             ^
/home/lsh/android_opencv_ndk/opencv/native/jni/include/opencv2/core/cvstd_wrapper.hpp:63:126: error: unknown type name 'type'
fatal error: too many errors emitted, stopping now [-ferror-limit=]
1 warning and 20 errors generated.
ninja: build stopped: subcommand failed.
