ninja: Entering directory `/home/lsh/android_opencv_ndk/app/.cxx/Debug/3d1d4l35/armeabi-v7a'
[1/1] Linking CXX shared library /home/lsh/android_opencv_ndk/app/build/intermediates/cxx/Debug/3d1d4l35/obj/armeabi-v7a/libtensorflow.so
FAILED: /home/lsh/android_opencv_ndk/app/build/intermediates/cxx/Debug/3d1d4l35/obj/armeabi-v7a/libtensorflow.so 
: && /home/lsh/Android/Sdk/ndk/21.4.7075529/toolchains/llvm/prebuilt/linux-x86_64/bin/clang++ --target=armv7-none-linux-androideabi26 --gcc-toolchain=/home/lsh/Android/Sdk/ndk/21.4.7075529/toolchains/llvm/prebuilt/linux-x86_64 --sysroot=/home/lsh/Android/Sdk/ndk/21.4.7075529/toolchains/llvm/prebuilt/linux-x86_64/sysroot -fPIC -g -DANDROID -fdata-sections -ffunction-sections -funwind-tables -fstack-protector-strong -no-canonical-prefixes -D_FORTIFY_SOURCE=2 -march=armv7-a -mthumb -Wformat -Werror=format-security  -std=c++11  -llog -std=gnu++11 -O0 -fno-limit-debug-info  -Wl,--exclude-libs,libgcc.a -Wl,--exclude-libs,libgcc_real.a -Wl,--exclude-libs,libatomic.a -static-libstdc++ -Wl,--build-id -Wl,--fatal-warnings -Wl,--exclude-libs,libunwind.a -Wl,--no-undefined -Qunused-arguments -shared -Wl,-soname,libtensorflow.so -o /home/lsh/android_opencv_ndk/app/build/intermediates/cxx/Debug/3d1d4l35/obj/armeabi-v7a/libtensorflow.so CMakeFiles/tensorflow.dir/tensorflow.cpp.o  /home/lsh/android_opencv_ndk/opencv/native/libs/armeabi-v7a/libopencv_java4.so /home/lsh/work123/tensorflow//bazel-bin/tensorflow/lite/c/libtensorflowlite_c.so /home/lsh/edgetpu/libedgetpu/throttled/armv7a/libedgetpu.so.1 /home/lsh/edgetpu/libedgetpu/throttled/armv7a/libedgetpu.so.1.0 /home/lsh/Android/Sdk/ndk/21.4.7075529/toolchains/llvm/prebuilt/linux-x86_64/sysroot/usr/lib/arm-linux-androideabi/libz.a -latomic -lm && :
/home/lsh/Android/Sdk/ndk/21.4.7075529/toolchains/llvm/prebuilt/linux-x86_64/lib/gcc/arm-linux-androideabi/4.9.x/../../../../arm-linux-androideabi/bin/ld: error: /home/lsh/edgetpu/libedgetpu/throttled/armv7a/libedgetpu.so.1 uses VFP register arguments, output does not
clang++: error: linker command failed with exit code 1 (use -v to see invocation)
ninja: build stopped: subcommand failed.
