ninja: Entering directory `/home/lsh/android_opencv_ndk/app/.cxx/Debug/4m4vz383/arm64-v8a'
[1/1] Linking CXX shared library /home/lsh/android_opencv_ndk/app/build/intermediates/cxx/Debug/4m4vz383/obj/arm64-v8a/libnative-lib.so
FAILED: /home/lsh/android_opencv_ndk/app/build/intermediates/cxx/Debug/4m4vz383/obj/arm64-v8a/libnative-lib.so 
: && /home/lsh/Android/Sdk/ndk/21.4.7075529/toolchains/llvm/prebuilt/linux-x86_64/bin/clang++ --target=aarch64-none-linux-android26 --gcc-toolchain=/home/lsh/Android/Sdk/ndk/21.4.7075529/toolchains/llvm/prebuilt/linux-x86_64 --sysroot=/home/lsh/Android/Sdk/ndk/21.4.7075529/toolchains/llvm/prebuilt/linux-x86_64/sysroot -fPIC -g -DANDROID -fdata-sections -ffunction-sections -funwind-tables -fstack-protector-strong -no-canonical-prefixes -D_FORTIFY_SOURCE=2 -Wformat -Werror=format-security   -std=gnu++11 -O0 -fno-limit-debug-info  -Wl,--exclude-libs,libgcc.a -Wl,--exclude-libs,libgcc_real.a -Wl,--exclude-libs,libatomic.a -static-libstdc++ -Wl,--build-id -Wl,--fatal-warnings -Wl,--no-undefined -Qunused-arguments -shared -Wl,-soname,libnative-lib.so -o /home/lsh/android_opencv_ndk/app/build/intermediates/cxx/Debug/4m4vz383/obj/arm64-v8a/libnative-lib.so CMakeFiles/native-lib.dir/native-lib.cpp.o  /home/lsh/android_opencv_ndk/opencv/native/libs/arm64-v8a/libopencv_java4.so /home/lsh/work123/tensorflow//bazel-bin/tensorflow/lite/c/libtensorflowlite_c.so /home/lsh/Android/Sdk/ndk/21.4.7075529/toolchains/llvm/prebuilt/linux-x86_64/sysroot/usr/lib/aarch64-linux-android/26/liblog.so -latomic -lm && :
/home/lsh/work123/tensorflow//bazel-bin/tensorflow/lite/c/libtensorflowlite_c.so: error adding symbols: File in wrong format
clang++: error: linker command failed with exit code 1 (use -v to see invocation)
ninja: build stopped: subcommand failed.
